Start Sat 14 Mar 16:00:52 CET 2020
Stop Sat 14 Mar 16:03:46 CET 2020
Start Sat 14 Mar 16:05:07 CET 2020
Start Sat 14 Mar 16:18:49 CET 2020
Stop Thu 14 Feb 11:12:07 CET 2019
Start Sat 14 Mar 16:22:57 CET 2020
Start Sat 14 Mar 16:34:21 CET 2020
Start Sat 14 Mar 16:35:02 CET 2020
Stop Sat 14 Mar 16:42:59 CET 2020
Start Sat 14 Mar 16:55:57 CET 2020
Stop Sat 14 Mar 16:57:05 CET 2020
Start Sat 14 Mar 16:58:31 CET 2020
Start Sat 14 Mar 17:00:51 CET 2020
Start Sat 14 Mar 17:05:36 CET 2020
Start Sat 14 Mar 17:09:33 CET 2020
Start Sat 14 Mar 17:13:56 CET 2020
Stop Sat 14 Mar 17:18:48 CET 2020
Start Sat 14 Mar 17:19:41 CET 2020
Stop Sat 14 Mar 17:29:50 CET 2020
Start Sat 14 Mar 17:31:22 CET 2020
Stop Sat 14 Mar 17:32:02 CET 2020
Start Sat 14 Mar 17:34:33 CET 2020
Stop Sat 14 Mar 17:35:13 CET 2020
Start Sat 14 Mar 17:37:56 CET 2020
Stop Sat 14 Mar 17:38:36 CET 2020
Start Sat 14 Mar 17:39:04 CET 2020
Start Sat 14 Mar 17:41:04 CET 2020
Start Sat 14 Mar 17:45:22 CET 2020
Start Sat 14 Mar 17:46:49 CET 2020
Start Sat 14 Mar 17:47:04 CET 2020
Start Sat 14 Mar 17:47:44 CET 2020
Start Sat 14 Mar 17:49:41 CET 2020
Stop Sat 14 Mar 17:51:44 CET 2020
Start Sat 14 Mar 17:53:06 CET 2020
Start Sat 14 Mar 17:54:21 CET 2020
Start Sat 14 Mar 17:54:29 CET 2020
Start Sat 14 Mar 17:55:46 CET 2020
Start Sat 14 Mar 17:59:04 CET 2020
Start Sat 14 Mar 18:00:37 CET 2020
Start Sat 14 Mar 18:03:28 CET 2020
Start Sat 14 Mar 18:04:34 CET 2020
Start Sat 14 Mar 18:07:50 CET 2020
Start Sat 14 Mar 18:12:13 CET 2020
Start Sat 14 Mar 18:16:35 CET 2020
Start Sat 14 Mar 18:20:57 CET 2020
Start Sat 14 Mar 18:25:19 CET 2020
Start Sat 14 Mar 19:00:59 CET 2020
Start Sat 14 Mar 20:00:35 CET 2020
Start Sat 14 Mar 21:00:35 CET 2020
Start Thu 14 Feb 11:12:09 CET 2019
Start Sat 14 Mar 22:49:00 CET 2020
Start Sat 14 Mar 22:53:22 CET 2020
Start Sat 14 Mar 22:57:44 CET 2020
Start Sat 14 Mar 23:00:36 CET 2020
Start Sat 14 Mar 23:04:59 CET 2020
Start Sat 14 Mar 23:09:21 CET 2020
Stop Sat 14 Mar 23:13:12 CET 2020
Start Sun 15 Mar 18:20:20 CET 2020
Start Sun 15 Mar 18:53:39 CET 2020
Start Sun 15 Mar 18:57:21 CET 2020
Start Sun 15 Mar 18:58:22 CET 2020
Start Sun 15 Mar 19:00:21 CET 2020
Start Tue 17 Mar 21:17:21 CET 2020
Stop Tue 17 Mar 21:56:35 CET 2020
Start Tue 17 Mar 21:57:50 CET 2020
Start Wed 18 Mar 08:20:32 CET 2020
Stop Wed 18 Mar 08:21:21 CET 2020
